<?xml version="1.0" encoding="UTF-8"?>
<coverage generated="1673528712932" clover="3.2.0">
  <project timestamp="1673528712932" name="All files">
    <metrics statements="29" coveredstatements="29" conditionals="5" coveredconditionals="5" methods="3" coveredmethods="3" elements="37" coveredelements="37" complexity="0" loc="29" ncloc="29" packages="1" files="3" classes="3"/>
    <file name="divideArchiveInWeeks.ts" path="/home/lena/Documents/S22_coding_projects/strava-s3-archive-summarizer/lib/divideArchiveInWeeks.ts">
      <metrics statements="6" coveredstatements="6" conditionals="0" coveredconditionals="0" methods="1" coveredmethods="1"/>
      <line num="1" count="2" type="stmt"/>
      <line num="3" count="2" type="stmt"/>
      <line num="4" count="3" type="stmt"/>
      <line num="5" count="3" type="stmt"/>
      <line num="6" count="3" type="stmt"/>
      <line num="8" count="3" type="stmt"/>
    </file>
    <file name="divideIntoTeams.ts" path="/home/lena/Documents/S22_coding_projects/strava-s3-archive-summarizer/lib/divideIntoTeams.ts">
      <metrics statements="9" coveredstatements="9" conditionals="2" coveredconditionals="2" methods="1" coveredmethods="1"/>
      <line num="4" count="1" type="stmt"/>
      <line num="6" count="1" type="stmt"/>
      <line num="7" count="1" type="stmt"/>
      <line num="8" count="72" type="stmt"/>
      <line num="9" count="72" type="stmt"/>
      <line num="11" count="72" type="cond" truecount="2" falsecount="0"/>
      <line num="12" count="8" type="stmt"/>
      <line num="17" count="64" type="stmt"/>
      <line num="20" count="1" type="stmt"/>
    </file>
    <file name="divideIntoWeeks.ts" path="/home/lena/Documents/S22_coding_projects/strava-s3-archive-summarizer/lib/divideIntoWeeks.ts">
      <metrics statements="14" coveredstatements="14" conditionals="3" coveredconditionals="3" methods="1" coveredmethods="1"/>
      <line num="1" count="2" type="stmt"/>
      <line num="2" count="2" type="stmt"/>
      <line num="4" count="2" type="stmt"/>
      <line num="6" count="2" type="stmt"/>
      <line num="7" count="2" type="stmt"/>
      <line num="8" count="2" type="stmt"/>
      <line num="11" count="2" type="stmt"/>
      <line num="14" count="2" type="stmt"/>
      <line num="15" count="2" type="stmt"/>
      <line num="16" count="2" type="stmt"/>
      <line num="17" count="95" type="stmt"/>
      <line num="18" count="95" type="cond" truecount="3" falsecount="0"/>
      <line num="19" count="77" type="stmt"/>
      <line num="22" count="2" type="stmt"/>
    </file>
  </project>
</coverage>
