{"/home/lena/Documents/S22_coding_projects/strava-s3-archive-summarizer/lib/divideArchiveInWeeks.ts": {"path":"/home/lena/Documents/S22_coding_projects/strava-s3-archive-summarizer/lib/divideArchiveInWeeks.ts","statementMap":{"0":{"start":{"line":1,"column":0},"end":{"line":1,"column":37}},"1":{"start":{"line":3,"column":28},"end":{"line":9,"column":1}},"2":{"start":{"line":4,"column":23},"end":{"line":4,"column":34}},"3":{"start":{"line":5,"column":22},"end":{"line":5,"column":47}},"4":{"start":{"line":6,"column":22},"end":{"line":6,"column":34}},"5":{"start":{"line":8,"column":4},"end":{"line":8,"column":null}},"6":{"start":{"line":3,"column":13},"end":{"line":3,"column":28}}},"fnMap":{"0":{"name":"(anonymous_0)","decl":{"start":{"line":3,"column":28},"end":{"line":3,"column":33}},"loc":{"start":{"line":3,"column":39},"end":{"line":9,"column":1}}}},"branchMap":{},"s":{"0":2,"1":2,"2":3,"3":3,"4":3,"5":3,"6":2},"f":{"0":3},"b":{}}
,"/home/lena/Documents/S22_coding_projects/strava-s3-archive-summarizer/lib/divideIntoTeams.ts": {"path":"/home/lena/Documents/S22_coding_projects/strava-s3-archive-summarizer/lib/divideIntoTeams.ts","statementMap":{"0":{"start":{"line":4,"column":31},"end":{"line":21,"column":1}},"1":{"start":{"line":6,"column":22},"end":{"line":6,"column":40}},"2":{"start":{"line":7,"column":1},"end":{"line":19,"column":null}},"3":{"start":{"line":8,"column":15},"end":{"line":8,"column":17}},"4":{"start":{"line":9,"column":2},"end":{"line":9,"column":null}},"5":{"start":{"line":11,"column":2},"end":{"line":18,"column":null}},"6":{"start":{"line":12,"column":3},"end":{"line":14,"column":null}},"7":{"start":{"line":17,"column":3},"end":{"line":17,"column":null}},"8":{"start":{"line":20,"column":1},"end":{"line":20,"column":null}},"9":{"start":{"line":4,"column":13},"end":{"line":4,"column":31}}},"fnMap":{"0":{"name":"(anonymous_0)","decl":{"start":{"line":4,"column":31},"end":{"line":4,"column":32}},"loc":{"start":{"line":4,"column":70},"end":{"line":21,"column":1}}}},"branchMap":{"0":{"loc":{"start":{"line":11,"column":2},"end":{"line":18,"column":null}},"type":"if","locations":[{"start":{"line":11,"column":2},"end":{"line":18,"column":null}},{"start":{"line":16,"column":6},"end":{"line":18,"column":null}}]}},"s":{"0":1,"1":1,"2":1,"3":72,"4":72,"5":72,"6":8,"7":64,"8":1,"9":1},"f":{"0":1},"b":{"0":[8,64]}}
,"/home/lena/Documents/S22_coding_projects/strava-s3-archive-summarizer/lib/divideIntoWeeks.ts": {"path":"/home/lena/Documents/S22_coding_projects/strava-s3-archive-summarizer/lib/divideIntoWeeks.ts","statementMap":{"0":{"start":{"line":1,"column":0},"end":{"line":1,"column":37}},"1":{"start":{"line":2,"column":0},"end":{"line":2,"column":56}},"2":{"start":{"line":4,"column":31},"end":{"line":23,"column":1}},"3":{"start":{"line":6,"column":23},"end":{"line":6,"column":43}},"4":{"start":{"line":7,"column":24},"end":{"line":7,"column":70}},"5":{"start":{"line":8,"column":19},"end":{"line":9,"column":null}},"6":{"start":{"line":11,"column":19},"end":{"line":12,"column":null}},"7":{"start":{"line":14,"column":20},"end":{"line":14,"column":22}},"8":{"start":{"line":15,"column":19},"end":{"line":15,"column":44}},"9":{"start":{"line":16,"column":1},"end":{"line":21,"column":null}},"10":{"start":{"line":17,"column":19},"end":{"line":17,"column":46}},"11":{"start":{"line":18,"column":2},"end":{"line":20,"column":null}},"12":{"start":{"line":19,"column":3},"end":{"line":19,"column":null}},"13":{"start":{"line":22,"column":1},"end":{"line":22,"column":null}},"14":{"start":{"line":4,"column":13},"end":{"line":4,"column":31}}},"fnMap":{"0":{"name":"(anonymous_0)","decl":{"start":{"line":4,"column":31},"end":{"line":4,"column":36}},"loc":{"start":{"line":4,"column":80},"end":{"line":23,"column":1}}}},"branchMap":{"0":{"loc":{"start":{"line":18,"column":2},"end":{"line":20,"column":null}},"type":"if","locations":[{"start":{"line":18,"column":2},"end":{"line":20,"column":null}}]},"1":{"loc":{"start":{"line":18,"column":6},"end":{"line":18,"column":51}},"type":"binary-expr","locations":[{"start":{"line":18,"column":6},"end":{"line":18,"column":27}},{"start":{"line":18,"column":31},"end":{"line":18,"column":51}}]}},"s":{"0":2,"1":2,"2":2,"3":2,"4":2,"5":2,"6":2,"7":2,"8":2,"9":2,"10":95,"11":95,"12":77,"13":2,"14":2},"f":{"0":2},"b":{"0":[77],"1":[95,94]}}
}
