TN:
SF:lib/divideArchiveInWeeks.ts
FN:3,(anonymous_0)
FNF:1
FNH:1
FNDA:3,(anonymous_0)
DA:1,2
DA:3,2
DA:4,3
DA:5,3
DA:6,3
DA:8,3
LF:6
LH:6
BRF:0
BRH:0
end_of_record
TN:
SF:lib/divideIntoTeams.ts
FN:4,(anonymous_0)
FNF:1
FNH:1
FNDA:1,(anonymous_0)
DA:4,1
DA:6,1
DA:7,1
DA:8,72
DA:9,72
DA:11,72
DA:12,8
DA:17,64
DA:20,1
LF:9
LH:9
BRDA:11,0,0,8
BRDA:11,0,1,64
BRF:2
BRH:2
end_of_record
TN:
SF:lib/divideIntoWeeks.ts
FN:4,(anonymous_0)
FNF:1
FNH:1
FNDA:2,(anonymous_0)
DA:1,2
DA:2,2
DA:4,2
DA:6,2
DA:7,2
DA:8,2
DA:11,2
DA:14,2
DA:15,2
DA:16,2
DA:17,95
DA:18,95
DA:19,77
DA:22,2
LF:14
LH:14
BRDA:18,0,0,77
BRDA:18,1,0,95
BRDA:18,1,1,94
BRF:3
BRH:3
end_of_record
